ARM GAS  /var/folders/c7/njqfq59n5tx5xn87mx7dh9jh0000gn/T//ccSDvEfg.s 			page 1


   1              		.cpu cortex-m4
   2              		.eabi_attribute 27, 1
   3              		.eabi_attribute 28, 1
   4              		.eabi_attribute 20, 1
   5              		.eabi_attribute 21, 1
   6              		.eabi_attribute 23, 3
   7              		.eabi_attribute 24, 1
   8              		.eabi_attribute 25, 1
   9              		.eabi_attribute 26, 1
  10              		.eabi_attribute 30, 1
  11              		.eabi_attribute 34, 1
  12              		.eabi_attribute 18, 4
  13              		.file	"freq_calc.c"
  14              		.text
  15              	.Ltext0:
  16              		.cfi_sections	.debug_frame
  17              		.section	.text.freq_calc,"ax",%progbits
  18              		.align	1
  19              		.global	freq_calc
  20              		.syntax unified
  21              		.thumb
  22              		.thumb_func
  23              		.fpu fpv4-sp-d16
  25              	freq_calc:
  26              	.LFB0:
  27              		.file 1 "Src/freq_calc.c"
   1:Src/freq_calc.c **** #include "freq_calc.h"
   2:Src/freq_calc.c **** 
   3:Src/freq_calc.c **** void freq_calc() {
  28              		.loc 1 3 0
  29              		.cfi_startproc
  30              		@ args = 0, pretend = 0, frame = 0
  31              		@ frame_needed = 0, uses_anonymous_args = 0
  32              		@ link register save eliminated.
   4:Src/freq_calc.c ****   //suspect line
   5:Src/freq_calc.c ****   OSC_samples_per_cycle = sampling_period_in_hz / OSC_frequency;
  33              		.loc 1 5 0
  34 0000 104B     		ldr	r3, .L3
  35 0002 93ED007A 		vldr.32	s14, [r3]	@ int
  36 0006 B8EE477A 		vcvt.f32.u32	s14, s14
  37 000a 0F4B     		ldr	r3, .L3+4
  38 000c D3ED006A 		vldr.32	s13, [r3]
  39 0010 C7EE267A 		vdiv.f32	s15, s14, s13
  40 0014 FCEEE77A 		vcvt.u32.f32	s15, s15
  41 0018 17EE903A 		vmov	r3, s15	@ int
  42 001c 0B4A     		ldr	r2, .L3+8
  43 001e C2ED007A 		vstr.32	s15, [r2]	@ int
   6:Src/freq_calc.c **** 
   7:Src/freq_calc.c ****   //safety, if the sample couter is already bigger than the max amout of samples
   8:Src/freq_calc.c ****   if (OSC_sample_counter > OSC_samples_per_cycle) {
  44              		.loc 1 8 0
  45 0022 0B4A     		ldr	r2, .L3+12
  46 0024 1268     		ldr	r2, [r2]
  47 0026 9342     		cmp	r3, r2
  48 0028 02D2     		bcs	.L2
   9:Src/freq_calc.c ****     OSC_sample_counter = 0;
  49              		.loc 1 9 0
ARM GAS  /var/folders/c7/njqfq59n5tx5xn87mx7dh9jh0000gn/T//ccSDvEfg.s 			page 2


  50 002a 094A     		ldr	r2, .L3+12
  51 002c 0021     		movs	r1, #0
  52 002e 1160     		str	r1, [r2]
  53              	.L2:
  10:Src/freq_calc.c ****   }
  11:Src/freq_calc.c **** 
  12:Src/freq_calc.c ****   OSC_pulse_width_in_cycles_50 = OSC_samples_per_cycle >> 1 ;
  54              		.loc 1 12 0
  55 0030 5908     		lsrs	r1, r3, #1
  56 0032 084A     		ldr	r2, .L3+16
  57 0034 1160     		str	r1, [r2]
  13:Src/freq_calc.c ****   OSC_pulse_width_in_cycles_25 = OSC_pulse_width_in_cycles_50 >> 1;
  58              		.loc 1 13 0
  59 0036 9908     		lsrs	r1, r3, #2
  60 0038 074A     		ldr	r2, .L3+20
  61 003a 1160     		str	r1, [r2]
  14:Src/freq_calc.c ****   OSC_pulse_width_in_cycles_12 = OSC_pulse_width_in_cycles_25 >> 1;
  62              		.loc 1 14 0
  63 003c DB08     		lsrs	r3, r3, #3
  64 003e 074A     		ldr	r2, .L3+24
  65 0040 1360     		str	r3, [r2]
  15:Src/freq_calc.c **** }
  66              		.loc 1 15 0
  67 0042 7047     		bx	lr
  68              	.L4:
  69              		.align	2
  70              	.L3:
  71 0044 00000000 		.word	sampling_period_in_hz
  72 0048 00000000 		.word	OSC_frequency
  73 004c 00000000 		.word	OSC_samples_per_cycle
  74 0050 00000000 		.word	OSC_sample_counter
  75 0054 00000000 		.word	OSC_pulse_width_in_cycles_50
  76 0058 00000000 		.word	OSC_pulse_width_in_cycles_25
  77 005c 00000000 		.word	OSC_pulse_width_in_cycles_12
  78              		.cfi_endproc
  79              	.LFE0:
  81              		.text
  82              	.Letext0:
  83              		.file 2 "/usr/local/Cellar/gcc-arm-none-eabi/20180627/arm-none-eabi/include/machine/_default_types
  84              		.file 3 "/usr/local/Cellar/gcc-arm-none-eabi/20180627/arm-none-eabi/include/sys/lock.h"
  85              		.file 4 "/usr/local/Cellar/gcc-arm-none-eabi/20180627/arm-none-eabi/include/sys/_types.h"
  86              		.file 5 "/usr/local/Cellar/gcc-arm-none-eabi/20180627/lib/gcc/arm-none-eabi/7.3.1/include/stddef.h
  87              		.file 6 "/usr/local/Cellar/gcc-arm-none-eabi/20180627/arm-none-eabi/include/sys/reent.h"
  88              		.file 7 "/usr/local/Cellar/gcc-arm-none-eabi/20180627/arm-none-eabi/include/stdlib.h"
  89              		.file 8 "/usr/local/Cellar/gcc-arm-none-eabi/20180627/arm-none-eabi/include/sys/_stdint.h"
  90              		.file 9 "Inc/freq_calc.h"
ARM GAS  /var/folders/c7/njqfq59n5tx5xn87mx7dh9jh0000gn/T//ccSDvEfg.s 			page 3


DEFINED SYMBOLS
                            *ABS*:0000000000000000 freq_calc.c
/var/folders/c7/njqfq59n5tx5xn87mx7dh9jh0000gn/T//ccSDvEfg.s:18     .text.freq_calc:0000000000000000 $t
/var/folders/c7/njqfq59n5tx5xn87mx7dh9jh0000gn/T//ccSDvEfg.s:25     .text.freq_calc:0000000000000000 freq_calc
/var/folders/c7/njqfq59n5tx5xn87mx7dh9jh0000gn/T//ccSDvEfg.s:71     .text.freq_calc:0000000000000044 $d

UNDEFINED SYMBOLS
sampling_period_in_hz
OSC_frequency
OSC_samples_per_cycle
OSC_sample_counter
OSC_pulse_width_in_cycles_50
OSC_pulse_width_in_cycles_25
OSC_pulse_width_in_cycles_12
