ARM GAS  /var/folders/c7/njqfq59n5tx5xn87mx7dh9jh0000gn/T//cczmcpWm.s 			page 1


   1              		.cpu cortex-m4
   2              		.eabi_attribute 27, 1
   3              		.eabi_attribute 28, 1
   4              		.eabi_attribute 20, 1
   5              		.eabi_attribute 21, 1
   6              		.eabi_attribute 23, 3
   7              		.eabi_attribute 24, 1
   8              		.eabi_attribute 25, 1
   9              		.eabi_attribute 26, 1
  10              		.eabi_attribute 30, 1
  11              		.eabi_attribute 34, 1
  12              		.eabi_attribute 18, 4
  13              		.file	"gpio.c"
  14              		.text
  15              	.Ltext0:
  16              		.cfi_sections	.debug_frame
  17              		.section	.text.MX_GPIO_Init,"ax",%progbits
  18              		.align	1
  19              		.global	MX_GPIO_Init
  20              		.syntax unified
  21              		.thumb
  22              		.thumb_func
  23              		.fpu fpv4-sp-d16
  25              	MX_GPIO_Init:
  26              	.LFB126:
  27              		.file 1 "Src/gpio.c"
   1:Src/gpio.c    **** /**
   2:Src/gpio.c    ****   ******************************************************************************
   3:Src/gpio.c    ****   * File Name          : gpio.c
   4:Src/gpio.c    ****   * Description        : This file provides code for the configuration
   5:Src/gpio.c    ****   *                      of all used GPIO pins.
   6:Src/gpio.c    ****   ******************************************************************************
   7:Src/gpio.c    ****   ** This notice applies to any and all portions of this file
   8:Src/gpio.c    ****   * that are not between comment pairs USER CODE BEGIN and
   9:Src/gpio.c    ****   * USER CODE END. Other portions of this file, whether 
  10:Src/gpio.c    ****   * inserted by the user or by software development tools
  11:Src/gpio.c    ****   * are owned by their respective copyright owners.
  12:Src/gpio.c    ****   *
  13:Src/gpio.c    ****   * COPYRIGHT(c) 2020 STMicroelectronics
  14:Src/gpio.c    ****   *
  15:Src/gpio.c    ****   * Redistribution and use in source and binary forms, with or without modification,
  16:Src/gpio.c    ****   * are permitted provided that the following conditions are met:
  17:Src/gpio.c    ****   *   1. Redistributions of source code must retain the above copyright notice,
  18:Src/gpio.c    ****   *      this list of conditions and the following disclaimer.
  19:Src/gpio.c    ****   *   2. Redistributions in binary form must reproduce the above copyright notice,
  20:Src/gpio.c    ****   *      this list of conditions and the following disclaimer in the documentation
  21:Src/gpio.c    ****   *      and/or other materials provided with the distribution.
  22:Src/gpio.c    ****   *   3. Neither the name of STMicroelectronics nor the names of its contributors
  23:Src/gpio.c    ****   *      may be used to endorse or promote products derived from this software
  24:Src/gpio.c    ****   *      without specific prior written permission.
  25:Src/gpio.c    ****   *
  26:Src/gpio.c    ****   * THIS SOFTWARE IS PROVIDED BY THE COPYRIGHT HOLDERS AND CONTRIBUTORS "AS IS"
  27:Src/gpio.c    ****   * AND ANY EXPRESS OR IMPLIED WARRANTIES, INCLUDING, BUT NOT LIMITED TO, THE
  28:Src/gpio.c    ****   * IMPLIED WARRANTIES OF MERCHANTABILITY AND FITNESS FOR A PARTICULAR PURPOSE ARE
  29:Src/gpio.c    ****   * DISCLAIMED. IN NO EVENT SHALL THE COPYRIGHT HOLDER OR CONTRIBUTORS BE LIABLE
  30:Src/gpio.c    ****   * FOR ANY DIRECT, INDIRECT, INCIDENTAL, SPECIAL, EXEMPLARY, OR CONSEQUENTIAL
  31:Src/gpio.c    ****   * DAMAGES (INCLUDING, BUT NOT LIMITED TO, PROCUREMENT OF SUBSTITUTE GOODS OR
ARM GAS  /var/folders/c7/njqfq59n5tx5xn87mx7dh9jh0000gn/T//cczmcpWm.s 			page 2


  32:Src/gpio.c    ****   * SERVICES; LOSS OF USE, DATA, OR PROFITS; OR BUSINESS INTERRUPTION) HOWEVER
  33:Src/gpio.c    ****   * CAUSED AND ON ANY THEORY OF LIABILITY, WHETHER IN CONTRACT, STRICT LIABILITY,
  34:Src/gpio.c    ****   * OR TORT (INCLUDING NEGLIGENCE OR OTHERWISE) ARISING IN ANY WAY OUT OF THE USE
  35:Src/gpio.c    ****   * OF THIS SOFTWARE, EVEN IF ADVISED OF THE POSSIBILITY OF SUCH DAMAGE.
  36:Src/gpio.c    ****   *
  37:Src/gpio.c    ****   ******************************************************************************
  38:Src/gpio.c    ****   */
  39:Src/gpio.c    **** 
  40:Src/gpio.c    **** /* Includes ------------------------------------------------------------------*/
  41:Src/gpio.c    **** #include "gpio.h"
  42:Src/gpio.c    **** /* USER CODE BEGIN 0 */
  43:Src/gpio.c    **** 
  44:Src/gpio.c    **** /* USER CODE END 0 */
  45:Src/gpio.c    **** 
  46:Src/gpio.c    **** /*----------------------------------------------------------------------------*/
  47:Src/gpio.c    **** /* Configure GPIO                                                             */
  48:Src/gpio.c    **** /*----------------------------------------------------------------------------*/
  49:Src/gpio.c    **** /* USER CODE BEGIN 1 */
  50:Src/gpio.c    **** 
  51:Src/gpio.c    **** /* USER CODE END 1 */
  52:Src/gpio.c    **** 
  53:Src/gpio.c    **** /** Configure pins as 
  54:Src/gpio.c    ****         * Analog 
  55:Src/gpio.c    ****         * Input 
  56:Src/gpio.c    ****         * Output
  57:Src/gpio.c    ****         * EVENT_OUT
  58:Src/gpio.c    ****         * EXTI
  59:Src/gpio.c    **** */
  60:Src/gpio.c    **** void MX_GPIO_Init(void)
  61:Src/gpio.c    **** {
  28              		.loc 1 61 0
  29              		.cfi_startproc
  30              		@ args = 0, pretend = 0, frame = 40
  31              		@ frame_needed = 0, uses_anonymous_args = 0
  32 0000 30B5     		push	{r4, r5, lr}
  33              	.LCFI0:
  34              		.cfi_def_cfa_offset 12
  35              		.cfi_offset 4, -12
  36              		.cfi_offset 5, -8
  37              		.cfi_offset 14, -4
  38 0002 8BB0     		sub	sp, sp, #44
  39              	.LCFI1:
  40              		.cfi_def_cfa_offset 56
  62:Src/gpio.c    **** 
  63:Src/gpio.c    ****   GPIO_InitTypeDef GPIO_InitStruct = {0};
  41              		.loc 1 63 0
  42 0004 0024     		movs	r4, #0
  43 0006 0594     		str	r4, [sp, #20]
  44 0008 0694     		str	r4, [sp, #24]
  45 000a 0794     		str	r4, [sp, #28]
  46 000c 0894     		str	r4, [sp, #32]
  47 000e 0994     		str	r4, [sp, #36]
  48              	.LBB2:
  64:Src/gpio.c    **** 
  65:Src/gpio.c    ****   /* GPIO Ports Clock Enable */
  66:Src/gpio.c    ****   __HAL_RCC_GPIOC_CLK_ENABLE();
  49              		.loc 1 66 0
ARM GAS  /var/folders/c7/njqfq59n5tx5xn87mx7dh9jh0000gn/T//cczmcpWm.s 			page 3


  50 0010 0194     		str	r4, [sp, #4]
  51 0012 224B     		ldr	r3, .L3
  52 0014 1A6B     		ldr	r2, [r3, #48]
  53 0016 42F00402 		orr	r2, r2, #4
  54 001a 1A63     		str	r2, [r3, #48]
  55 001c 1A6B     		ldr	r2, [r3, #48]
  56 001e 02F00402 		and	r2, r2, #4
  57 0022 0192     		str	r2, [sp, #4]
  58 0024 019A     		ldr	r2, [sp, #4]
  59              	.LBE2:
  60              	.LBB3:
  67:Src/gpio.c    ****   __HAL_RCC_GPIOH_CLK_ENABLE();
  61              		.loc 1 67 0
  62 0026 0294     		str	r4, [sp, #8]
  63 0028 1A6B     		ldr	r2, [r3, #48]
  64 002a 42F08002 		orr	r2, r2, #128
  65 002e 1A63     		str	r2, [r3, #48]
  66 0030 1A6B     		ldr	r2, [r3, #48]
  67 0032 02F08002 		and	r2, r2, #128
  68 0036 0292     		str	r2, [sp, #8]
  69 0038 029A     		ldr	r2, [sp, #8]
  70              	.LBE3:
  71              	.LBB4:
  68:Src/gpio.c    ****   __HAL_RCC_GPIOA_CLK_ENABLE();
  72              		.loc 1 68 0
  73 003a 0394     		str	r4, [sp, #12]
  74 003c 1A6B     		ldr	r2, [r3, #48]
  75 003e 42F00102 		orr	r2, r2, #1
  76 0042 1A63     		str	r2, [r3, #48]
  77 0044 1A6B     		ldr	r2, [r3, #48]
  78 0046 02F00102 		and	r2, r2, #1
  79 004a 0392     		str	r2, [sp, #12]
  80 004c 039A     		ldr	r2, [sp, #12]
  81              	.LBE4:
  82              	.LBB5:
  69:Src/gpio.c    ****   __HAL_RCC_GPIOB_CLK_ENABLE();
  83              		.loc 1 69 0
  84 004e 0494     		str	r4, [sp, #16]
  85 0050 1A6B     		ldr	r2, [r3, #48]
  86 0052 42F00202 		orr	r2, r2, #2
  87 0056 1A63     		str	r2, [r3, #48]
  88 0058 1B6B     		ldr	r3, [r3, #48]
  89 005a 03F00203 		and	r3, r3, #2
  90 005e 0493     		str	r3, [sp, #16]
  91 0060 049B     		ldr	r3, [sp, #16]
  92              	.LBE5:
  70:Src/gpio.c    **** 
  71:Src/gpio.c    ****   /*Configure GPIO pin Output Level */
  72:Src/gpio.c    ****   HAL_GPIO_WritePin(LD2_GPIO_Port, LD2_Pin, GPIO_PIN_RESET);
  93              		.loc 1 72 0
  94 0062 0F4D     		ldr	r5, .L3+4
  95 0064 2246     		mov	r2, r4
  96 0066 2021     		movs	r1, #32
  97 0068 2846     		mov	r0, r5
  98 006a FFF7FEFF 		bl	HAL_GPIO_WritePin
  99              	.LVL0:
  73:Src/gpio.c    **** 
ARM GAS  /var/folders/c7/njqfq59n5tx5xn87mx7dh9jh0000gn/T//cczmcpWm.s 			page 4


  74:Src/gpio.c    ****   /*Configure GPIO pin : PtPin */
  75:Src/gpio.c    ****   GPIO_InitStruct.Pin = B1_Pin;
 100              		.loc 1 75 0
 101 006e 4FF40053 		mov	r3, #8192
 102 0072 0593     		str	r3, [sp, #20]
  76:Src/gpio.c    ****   GPIO_InitStruct.Mode = GPIO_MODE_IT_FALLING;
 103              		.loc 1 76 0
 104 0074 0B4B     		ldr	r3, .L3+8
 105 0076 0693     		str	r3, [sp, #24]
  77:Src/gpio.c    ****   GPIO_InitStruct.Pull = GPIO_NOPULL;
 106              		.loc 1 77 0
 107 0078 0794     		str	r4, [sp, #28]
  78:Src/gpio.c    ****   HAL_GPIO_Init(B1_GPIO_Port, &GPIO_InitStruct);
 108              		.loc 1 78 0
 109 007a 05A9     		add	r1, sp, #20
 110 007c 0A48     		ldr	r0, .L3+12
 111 007e FFF7FEFF 		bl	HAL_GPIO_Init
 112              	.LVL1:
  79:Src/gpio.c    **** 
  80:Src/gpio.c    ****   /*Configure GPIO pin : PtPin */
  81:Src/gpio.c    ****   GPIO_InitStruct.Pin = LD2_Pin;
 113              		.loc 1 81 0
 114 0082 2023     		movs	r3, #32
 115 0084 0593     		str	r3, [sp, #20]
  82:Src/gpio.c    ****   GPIO_InitStruct.Mode = GPIO_MODE_OUTPUT_PP;
 116              		.loc 1 82 0
 117 0086 0123     		movs	r3, #1
 118 0088 0693     		str	r3, [sp, #24]
  83:Src/gpio.c    ****   GPIO_InitStruct.Pull = GPIO_NOPULL;
 119              		.loc 1 83 0
 120 008a 0794     		str	r4, [sp, #28]
  84:Src/gpio.c    ****   GPIO_InitStruct.Speed = GPIO_SPEED_FREQ_LOW;
 121              		.loc 1 84 0
 122 008c 0894     		str	r4, [sp, #32]
  85:Src/gpio.c    ****   HAL_GPIO_Init(LD2_GPIO_Port, &GPIO_InitStruct);
 123              		.loc 1 85 0
 124 008e 05A9     		add	r1, sp, #20
 125 0090 2846     		mov	r0, r5
 126 0092 FFF7FEFF 		bl	HAL_GPIO_Init
 127              	.LVL2:
  86:Src/gpio.c    **** 
  87:Src/gpio.c    **** }
 128              		.loc 1 87 0
 129 0096 0BB0     		add	sp, sp, #44
 130              	.LCFI2:
 131              		.cfi_def_cfa_offset 12
 132              		@ sp needed
 133 0098 30BD     		pop	{r4, r5, pc}
 134              	.L4:
 135 009a 00BF     		.align	2
 136              	.L3:
 137 009c 00380240 		.word	1073887232
 138 00a0 00000240 		.word	1073872896
 139 00a4 00002110 		.word	270598144
 140 00a8 00080240 		.word	1073874944
 141              		.cfi_endproc
 142              	.LFE126:
ARM GAS  /var/folders/c7/njqfq59n5tx5xn87mx7dh9jh0000gn/T//cczmcpWm.s 			page 5


 144              		.text
 145              	.Letext0:
 146              		.file 2 "/usr/local/Cellar/gcc-arm-none-eabi/20180627/arm-none-eabi/include/machine/_default_types
 147              		.file 3 "/usr/local/Cellar/gcc-arm-none-eabi/20180627/arm-none-eabi/include/sys/_stdint.h"
 148              		.file 4 "Drivers/CMSIS/Include/core_cm4.h"
 149              		.file 5 "Drivers/CMSIS/Device/ST/STM32F4xx/Include/system_stm32f4xx.h"
 150              		.file 6 "Drivers/CMSIS/Device/ST/STM32F4xx/Include/stm32f411xe.h"
 151              		.file 7 "/usr/local/Cellar/gcc-arm-none-eabi/20180627/arm-none-eabi/include/sys/lock.h"
 152              		.file 8 "/usr/local/Cellar/gcc-arm-none-eabi/20180627/arm-none-eabi/include/sys/_types.h"
 153              		.file 9 "/usr/local/Cellar/gcc-arm-none-eabi/20180627/lib/gcc/arm-none-eabi/7.3.1/include/stddef.h
 154              		.file 10 "/usr/local/Cellar/gcc-arm-none-eabi/20180627/arm-none-eabi/include/sys/reent.h"
 155              		.file 11 "Drivers/STM32F4xx_HAL_Driver/Inc/stm32f4xx_hal_gpio.h"
ARM GAS  /var/folders/c7/njqfq59n5tx5xn87mx7dh9jh0000gn/T//cczmcpWm.s 			page 6


DEFINED SYMBOLS
                            *ABS*:0000000000000000 gpio.c
/var/folders/c7/njqfq59n5tx5xn87mx7dh9jh0000gn/T//cczmcpWm.s:18     .text.MX_GPIO_Init:0000000000000000 $t
/var/folders/c7/njqfq59n5tx5xn87mx7dh9jh0000gn/T//cczmcpWm.s:25     .text.MX_GPIO_Init:0000000000000000 MX_GPIO_Init
/var/folders/c7/njqfq59n5tx5xn87mx7dh9jh0000gn/T//cczmcpWm.s:137    .text.MX_GPIO_Init:000000000000009c $d

UNDEFINED SYMBOLS
HAL_GPIO_WritePin
HAL_GPIO_Init
