ARM GAS  /var/folders/c7/njqfq59n5tx5xn87mx7dh9jh0000gn/T//ccaqsxP2.s 			page 1


   1              		.cpu cortex-m4
   2              		.eabi_attribute 27, 1
   3              		.eabi_attribute 28, 1
   4              		.eabi_attribute 20, 1
   5              		.eabi_attribute 21, 1
   6              		.eabi_attribute 23, 3
   7              		.eabi_attribute 24, 1
   8              		.eabi_attribute 25, 1
   9              		.eabi_attribute 26, 1
  10              		.eabi_attribute 30, 1
  11              		.eabi_attribute 34, 1
  12              		.eabi_attribute 18, 4
  13              		.file	"osc_calc.c"
  14              		.text
  15              	.Ltext0:
  16              		.cfi_sections	.debug_frame
  17              		.section	.text.osc_calc,"ax",%progbits
  18              		.align	1
  19              		.global	osc_calc
  20              		.syntax unified
  21              		.thumb
  22              		.thumb_func
  23              		.fpu fpv4-sp-d16
  25              	osc_calc:
  26              	.LFB0:
  27              		.file 1 "Src/osc_calc.c"
   1:Src/osc_calc.c **** #include "osc_calc.h"
   2:Src/osc_calc.c **** 
   3:Src/osc_calc.c **** void osc_calc() {
  28              		.loc 1 3 0
  29              		.cfi_startproc
  30              		@ args = 0, pretend = 0, frame = 0
  31              		@ frame_needed = 0, uses_anonymous_args = 0
  32              		@ link register save eliminated.
   4:Src/osc_calc.c ****   switch (OSC_wave_type) {
  33              		.loc 1 4 0
  34 0000 3E4B     		ldr	r3, .L13
  35 0002 1B78     		ldrb	r3, [r3]	@ zero_extendqisi2
  36 0004 042B     		cmp	r3, #4
  37 0006 48D8     		bhi	.L2
  38 0008 DFE803F0 		tbb	[pc, r3]
  39              	.L4:
  40 000c 03       		.byte	(.L3-.L4)/2
  41 000d 47       		.byte	(.L2-.L4)/2
  42 000e 3B       		.byte	(.L5-.L4)/2
  43 000f 5B       		.byte	(.L6-.L4)/2
  44 0010 69       		.byte	(.L7-.L4)/2
  45 0011 00       		.p2align 1
  46              	.L3:
   5:Src/osc_calc.c **** 
   6:Src/osc_calc.c ****     //STEPPED TRIANGLE
   7:Src/osc_calc.c ****     //-----------------------//
   8:Src/osc_calc.c ****     //-------TRIANGLE--------//
   9:Src/osc_calc.c ****     //-----------------------//
  10:Src/osc_calc.c ****     case 0:
  11:Src/osc_calc.c **** 
  12:Src/osc_calc.c ****     if(OSC_sample_counter < OSC_pulse_width_in_cycles_25){
ARM GAS  /var/folders/c7/njqfq59n5tx5xn87mx7dh9jh0000gn/T//ccaqsxP2.s 			page 2


  47              		.loc 1 12 0
  48 0012 3B4B     		ldr	r3, .L13+4
  49 0014 1B68     		ldr	r3, [r3]
  50 0016 3B4A     		ldr	r2, .L13+8
  51 0018 1268     		ldr	r2, [r2]
  52 001a 9342     		cmp	r3, r2
  53 001c 0DD2     		bcs	.L8
  13:Src/osc_calc.c ****       OSC_osc_out = (dac_max * OSC_sample_counter) / ((OSC_samples_per_cycle/2)) + dac_max/2;
  54              		.loc 1 13 0
  55 001e 3A4A     		ldr	r2, .L13+12
  56 0020 1168     		ldr	r1, [r2]
  57 0022 01FB03F3 		mul	r3, r1, r3
  58 0026 394A     		ldr	r2, .L13+16
  59 0028 1268     		ldr	r2, [r2]
  60 002a 5208     		lsrs	r2, r2, #1
  61 002c B3FBF2F3 		udiv	r3, r3, r2
  62 0030 03EB5103 		add	r3, r3, r1, lsr #1
  63 0034 364A     		ldr	r2, .L13+20
  64 0036 1360     		str	r3, [r2]
  65 0038 2FE0     		b	.L2
  66              	.L8:
  14:Src/osc_calc.c ****     }
  15:Src/osc_calc.c **** 
  16:Src/osc_calc.c ****     else if(OSC_sample_counter < (OSC_pulse_width_in_cycles_25 + OSC_pulse_width_in_cycles_50)){
  67              		.loc 1 16 0
  68 003a 3649     		ldr	r1, .L13+24
  69 003c 0968     		ldr	r1, [r1]
  70 003e 0A44     		add	r2, r2, r1
  71 0040 9342     		cmp	r3, r2
  72 0042 0ED2     		bcs	.L9
  17:Src/osc_calc.c ****       OSC_osc_out = dac_max - (((OSC_sample_counter - (OSC_samples_per_cycle/4)) * 2 * dac_max) / O
  73              		.loc 1 17 0
  74 0044 304A     		ldr	r2, .L13+12
  75 0046 1268     		ldr	r2, [r2]
  76 0048 3049     		ldr	r1, .L13+16
  77 004a 0968     		ldr	r1, [r1]
  78 004c A3EB9103 		sub	r3, r3, r1, lsr #2
  79 0050 03FB02F3 		mul	r3, r3, r2
  80 0054 5B00     		lsls	r3, r3, #1
  81 0056 B3FBF1F3 		udiv	r3, r3, r1
  82 005a D31A     		subs	r3, r2, r3
  83 005c 2C4A     		ldr	r2, .L13+20
  84 005e 1360     		str	r3, [r2]
  85 0060 1BE0     		b	.L2
  86              	.L9:
  18:Src/osc_calc.c ****     }
  19:Src/osc_calc.c **** 
  20:Src/osc_calc.c ****     else{
  21:Src/osc_calc.c ****       OSC_osc_out = (dac_max * (OSC_sample_counter - (3*OSC_samples_per_cycle/4) + 1)) / ((OSC_samp
  87              		.loc 1 21 0
  88 0062 2A4A     		ldr	r2, .L13+16
  89 0064 1168     		ldr	r1, [r2]
  90 0066 01EB4102 		add	r2, r1, r1, lsl #1
  91 006a A3EB9203 		sub	r3, r3, r2, lsr #2
  92 006e 264A     		ldr	r2, .L13+12
  93 0070 1268     		ldr	r2, [r2]
  94 0072 03FB0223 		mla	r3, r3, r2, r2
ARM GAS  /var/folders/c7/njqfq59n5tx5xn87mx7dh9jh0000gn/T//ccaqsxP2.s 			page 3


  95 0076 4908     		lsrs	r1, r1, #1
  96 0078 B3FBF1F3 		udiv	r3, r3, r1
  97 007c 244A     		ldr	r2, .L13+20
  98 007e 1360     		str	r3, [r2]
  99 0080 0BE0     		b	.L2
 100              	.L5:
  22:Src/osc_calc.c ****     }
  23:Src/osc_calc.c ****     break;
  24:Src/osc_calc.c **** 
  25:Src/osc_calc.c ****     //-----------------------//
  26:Src/osc_calc.c ****     //-------RISING SAW------//
  27:Src/osc_calc.c ****     //-----------------------//
  28:Src/osc_calc.c ****     case 2:
  29:Src/osc_calc.c ****     OSC_osc_out = (dac_max * OSC_sample_counter) / OSC_samples_per_cycle;
 101              		.loc 1 29 0
 102 0082 214B     		ldr	r3, .L13+12
 103 0084 1A68     		ldr	r2, [r3]
 104 0086 1E4B     		ldr	r3, .L13+4
 105 0088 1B68     		ldr	r3, [r3]
 106 008a 03FB02F3 		mul	r3, r3, r2
 107 008e 1F4A     		ldr	r2, .L13+16
 108 0090 1268     		ldr	r2, [r2]
 109 0092 B3FBF2F3 		udiv	r3, r3, r2
 110 0096 1E4A     		ldr	r2, .L13+20
 111 0098 1360     		str	r3, [r2]
 112              	.L2:
  30:Src/osc_calc.c ****     break;
  31:Src/osc_calc.c **** 
  32:Src/osc_calc.c ****     //----------------------//
  33:Src/osc_calc.c ****     //-----FALLING SAW------//
  34:Src/osc_calc.c ****     //----------------------//
  35:Src/osc_calc.c ****     case 3:
  36:Src/osc_calc.c ****     OSC_osc_out = dac_max - (dac_max * OSC_sample_counter) / OSC_samples_per_cycle;
  37:Src/osc_calc.c ****     break;
  38:Src/osc_calc.c **** 
  39:Src/osc_calc.c ****     //---------------------//
  40:Src/osc_calc.c ****     //-------PULSE 50------//
  41:Src/osc_calc.c ****     //---------------------//
  42:Src/osc_calc.c ****     case 4:
  43:Src/osc_calc.c ****     if (OSC_sample_counter < OSC_pulse_width_in_cycles_50) {
  44:Src/osc_calc.c ****       OSC_osc_out = dac_max;
  45:Src/osc_calc.c ****     }
  46:Src/osc_calc.c ****     else {
  47:Src/osc_calc.c ****       OSC_osc_out = 0;
  48:Src/osc_calc.c ****     }
  49:Src/osc_calc.c ****     break;
  50:Src/osc_calc.c **** 
  51:Src/osc_calc.c ****   }
  52:Src/osc_calc.c **** 
  53:Src/osc_calc.c ****   //Expo conversion
  54:Src/osc_calc.c ****   //OSC_osc_out = exp_array[OSC_osc_out];
  55:Src/osc_calc.c **** 
  56:Src/osc_calc.c ****   /*
  57:Src/osc_calc.c ****   if (OSC_sample_counter < (OSC_samples_per_cycle >> 1)) {
  58:Src/osc_calc.c ****   OSC_osc_out = exp_array[OSC_osc_out];
  59:Src/osc_calc.c **** }
  60:Src/osc_calc.c **** 
ARM GAS  /var/folders/c7/njqfq59n5tx5xn87mx7dh9jh0000gn/T//ccaqsxP2.s 			page 4


  61:Src/osc_calc.c **** else{
  62:Src/osc_calc.c **** OSC_osc_out = exp_array[dac_max - OSC_osc_out];
  63:Src/osc_calc.c **** }
  64:Src/osc_calc.c **** */
  65:Src/osc_calc.c **** 
  66:Src/osc_calc.c **** OSC_sample_counter++;
 113              		.loc 1 66 0
 114 009a 194A     		ldr	r2, .L13+4
 115 009c 1368     		ldr	r3, [r2]
 116 009e 0133     		adds	r3, r3, #1
 117 00a0 1360     		str	r3, [r2]
  67:Src/osc_calc.c **** 
  68:Src/osc_calc.c **** if (OSC_sample_counter >= OSC_samples_per_cycle) {
 118              		.loc 1 68 0
 119 00a2 1A4A     		ldr	r2, .L13+16
 120 00a4 1268     		ldr	r2, [r2]
 121 00a6 9342     		cmp	r3, r2
 122 00a8 02D3     		bcc	.L11
  69:Src/osc_calc.c ****   OSC_sample_counter = 0;
 123              		.loc 1 69 0
 124 00aa 154B     		ldr	r3, .L13+4
 125 00ac 0022     		movs	r2, #0
 126 00ae 1A60     		str	r2, [r3]
 127              	.L11:
  70:Src/osc_calc.c **** }
  71:Src/osc_calc.c **** 
  72:Src/osc_calc.c **** if (OSC_osc_out < 0) {
  73:Src/osc_calc.c ****   OSC_osc_out = 0;
  74:Src/osc_calc.c **** }
  75:Src/osc_calc.c **** 
  76:Src/osc_calc.c **** if (OSC_osc_out > dac_max) {
 128              		.loc 1 76 0
 129 00b0 174B     		ldr	r3, .L13+20
 130 00b2 1A68     		ldr	r2, [r3]
 131 00b4 144B     		ldr	r3, .L13+12
 132 00b6 1B68     		ldr	r3, [r3]
 133 00b8 9A42     		cmp	r2, r3
 134 00ba 01D9     		bls	.L1
  77:Src/osc_calc.c ****   OSC_osc_out = dac_max;
 135              		.loc 1 77 0
 136 00bc 144A     		ldr	r2, .L13+20
 137 00be 1360     		str	r3, [r2]
 138              	.L1:
  78:Src/osc_calc.c **** }
  79:Src/osc_calc.c **** }
 139              		.loc 1 79 0
 140 00c0 7047     		bx	lr
 141              	.L6:
  36:Src/osc_calc.c ****     break;
 142              		.loc 1 36 0
 143 00c2 114B     		ldr	r3, .L13+12
 144 00c4 1A68     		ldr	r2, [r3]
 145 00c6 0E4B     		ldr	r3, .L13+4
 146 00c8 1B68     		ldr	r3, [r3]
 147 00ca 03FB02F3 		mul	r3, r3, r2
 148 00ce 0F49     		ldr	r1, .L13+16
 149 00d0 0968     		ldr	r1, [r1]
ARM GAS  /var/folders/c7/njqfq59n5tx5xn87mx7dh9jh0000gn/T//ccaqsxP2.s 			page 5


 150 00d2 B3FBF1F3 		udiv	r3, r3, r1
 151 00d6 D31A     		subs	r3, r2, r3
 152 00d8 0D4A     		ldr	r2, .L13+20
 153 00da 1360     		str	r3, [r2]
  37:Src/osc_calc.c **** 
 154              		.loc 1 37 0
 155 00dc DDE7     		b	.L2
 156              	.L7:
  43:Src/osc_calc.c ****       OSC_osc_out = dac_max;
 157              		.loc 1 43 0
 158 00de 084B     		ldr	r3, .L13+4
 159 00e0 1A68     		ldr	r2, [r3]
 160 00e2 0C4B     		ldr	r3, .L13+24
 161 00e4 1B68     		ldr	r3, [r3]
 162 00e6 9A42     		cmp	r2, r3
 163 00e8 04D2     		bcs	.L10
  44:Src/osc_calc.c ****     }
 164              		.loc 1 44 0
 165 00ea 074B     		ldr	r3, .L13+12
 166 00ec 1A68     		ldr	r2, [r3]
 167 00ee 084B     		ldr	r3, .L13+20
 168 00f0 1A60     		str	r2, [r3]
 169 00f2 D2E7     		b	.L2
 170              	.L10:
  47:Src/osc_calc.c ****     }
 171              		.loc 1 47 0
 172 00f4 064B     		ldr	r3, .L13+20
 173 00f6 0022     		movs	r2, #0
 174 00f8 1A60     		str	r2, [r3]
 175 00fa CEE7     		b	.L2
 176              	.L14:
 177              		.align	2
 178              	.L13:
 179 00fc 00000000 		.word	OSC_wave_type
 180 0100 00000000 		.word	OSC_sample_counter
 181 0104 00000000 		.word	OSC_pulse_width_in_cycles_25
 182 0108 00000000 		.word	dac_max
 183 010c 00000000 		.word	OSC_samples_per_cycle
 184 0110 00000000 		.word	OSC_osc_out
 185 0114 00000000 		.word	OSC_pulse_width_in_cycles_50
 186              		.cfi_endproc
 187              	.LFE0:
 189              		.text
 190              	.Letext0:
 191              		.file 2 "/usr/local/Cellar/gcc-arm-none-eabi/20180627/arm-none-eabi/include/machine/_default_types
 192              		.file 3 "/usr/local/Cellar/gcc-arm-none-eabi/20180627/arm-none-eabi/include/sys/lock.h"
 193              		.file 4 "/usr/local/Cellar/gcc-arm-none-eabi/20180627/arm-none-eabi/include/sys/_types.h"
 194              		.file 5 "/usr/local/Cellar/gcc-arm-none-eabi/20180627/lib/gcc/arm-none-eabi/7.3.1/include/stddef.h
 195              		.file 6 "/usr/local/Cellar/gcc-arm-none-eabi/20180627/arm-none-eabi/include/sys/reent.h"
 196              		.file 7 "/usr/local/Cellar/gcc-arm-none-eabi/20180627/arm-none-eabi/include/stdlib.h"
 197              		.file 8 "/usr/local/Cellar/gcc-arm-none-eabi/20180627/arm-none-eabi/include/sys/_stdint.h"
 198              		.file 9 "Inc/osc_calc.h"
ARM GAS  /var/folders/c7/njqfq59n5tx5xn87mx7dh9jh0000gn/T//ccaqsxP2.s 			page 6


DEFINED SYMBOLS
                            *ABS*:0000000000000000 osc_calc.c
/var/folders/c7/njqfq59n5tx5xn87mx7dh9jh0000gn/T//ccaqsxP2.s:18     .text.osc_calc:0000000000000000 $t
/var/folders/c7/njqfq59n5tx5xn87mx7dh9jh0000gn/T//ccaqsxP2.s:25     .text.osc_calc:0000000000000000 osc_calc
/var/folders/c7/njqfq59n5tx5xn87mx7dh9jh0000gn/T//ccaqsxP2.s:40     .text.osc_calc:000000000000000c $d
/var/folders/c7/njqfq59n5tx5xn87mx7dh9jh0000gn/T//ccaqsxP2.s:179    .text.osc_calc:00000000000000fc $d
/var/folders/c7/njqfq59n5tx5xn87mx7dh9jh0000gn/T//ccaqsxP2.s:45     .text.osc_calc:0000000000000011 $d
/var/folders/c7/njqfq59n5tx5xn87mx7dh9jh0000gn/T//ccaqsxP2.s:45     .text.osc_calc:0000000000000012 $t

UNDEFINED SYMBOLS
OSC_wave_type
OSC_sample_counter
OSC_pulse_width_in_cycles_25
dac_max
OSC_samples_per_cycle
OSC_osc_out
OSC_pulse_width_in_cycles_50
