ARM GAS  /var/folders/c7/njqfq59n5tx5xn87mx7dh9jh0000gn/T//cckz7j6a.s 			page 1


   1              		.cpu cortex-m4
   2              		.eabi_attribute 27, 1
   3              		.eabi_attribute 28, 1
   4              		.eabi_attribute 20, 1
   5              		.eabi_attribute 21, 1
   6              		.eabi_attribute 23, 3
   7              		.eabi_attribute 24, 1
   8              		.eabi_attribute 25, 1
   9              		.eabi_attribute 26, 1
  10              		.eabi_attribute 30, 1
  11              		.eabi_attribute 34, 1
  12              		.eabi_attribute 18, 4
  13              		.file	"stm32f4xx_hal_msp.c"
  14              		.text
  15              	.Ltext0:
  16              		.cfi_sections	.debug_frame
  17              		.section	.text.HAL_MspInit,"ax",%progbits
  18              		.align	1
  19              		.global	HAL_MspInit
  20              		.syntax unified
  21              		.thumb
  22              		.thumb_func
  23              		.fpu fpv4-sp-d16
  25              	HAL_MspInit:
  26              	.LFB126:
  27              		.file 1 "Src/stm32f4xx_hal_msp.c"
   1:Src/stm32f4xx_hal_msp.c **** /* USER CODE BEGIN Header */
   2:Src/stm32f4xx_hal_msp.c **** /**
   3:Src/stm32f4xx_hal_msp.c ****   ******************************************************************************
   4:Src/stm32f4xx_hal_msp.c ****   * File Name          : stm32f4xx_hal_msp.c
   5:Src/stm32f4xx_hal_msp.c ****   * Description        : This file provides code for the MSP Initialization 
   6:Src/stm32f4xx_hal_msp.c ****   *                      and de-Initialization codes.
   7:Src/stm32f4xx_hal_msp.c ****   ******************************************************************************
   8:Src/stm32f4xx_hal_msp.c ****   ** This notice applies to any and all portions of this file
   9:Src/stm32f4xx_hal_msp.c ****   * that are not between comment pairs USER CODE BEGIN and
  10:Src/stm32f4xx_hal_msp.c ****   * USER CODE END. Other portions of this file, whether 
  11:Src/stm32f4xx_hal_msp.c ****   * inserted by the user or by software development tools
  12:Src/stm32f4xx_hal_msp.c ****   * are owned by their respective copyright owners.
  13:Src/stm32f4xx_hal_msp.c ****   *
  14:Src/stm32f4xx_hal_msp.c ****   * COPYRIGHT(c) 2020 STMicroelectronics
  15:Src/stm32f4xx_hal_msp.c ****   *
  16:Src/stm32f4xx_hal_msp.c ****   * Redistribution and use in source and binary forms, with or without modification,
  17:Src/stm32f4xx_hal_msp.c ****   * are permitted provided that the following conditions are met:
  18:Src/stm32f4xx_hal_msp.c ****   *   1. Redistributions of source code must retain the above copyright notice,
  19:Src/stm32f4xx_hal_msp.c ****   *      this list of conditions and the following disclaimer.
  20:Src/stm32f4xx_hal_msp.c ****   *   2. Redistributions in binary form must reproduce the above copyright notice,
  21:Src/stm32f4xx_hal_msp.c ****   *      this list of conditions and the following disclaimer in the documentation
  22:Src/stm32f4xx_hal_msp.c ****   *      and/or other materials provided with the distribution.
  23:Src/stm32f4xx_hal_msp.c ****   *   3. Neither the name of STMicroelectronics nor the names of its contributors
  24:Src/stm32f4xx_hal_msp.c ****   *      may be used to endorse or promote products derived from this software
  25:Src/stm32f4xx_hal_msp.c ****   *      without specific prior written permission.
  26:Src/stm32f4xx_hal_msp.c ****   *
  27:Src/stm32f4xx_hal_msp.c ****   * THIS SOFTWARE IS PROVIDED BY THE COPYRIGHT HOLDERS AND CONTRIBUTORS "AS IS"
  28:Src/stm32f4xx_hal_msp.c ****   * AND ANY EXPRESS OR IMPLIED WARRANTIES, INCLUDING, BUT NOT LIMITED TO, THE
  29:Src/stm32f4xx_hal_msp.c ****   * IMPLIED WARRANTIES OF MERCHANTABILITY AND FITNESS FOR A PARTICULAR PURPOSE ARE
  30:Src/stm32f4xx_hal_msp.c ****   * DISCLAIMED. IN NO EVENT SHALL THE COPYRIGHT HOLDER OR CONTRIBUTORS BE LIABLE
  31:Src/stm32f4xx_hal_msp.c ****   * FOR ANY DIRECT, INDIRECT, INCIDENTAL, SPECIAL, EXEMPLARY, OR CONSEQUENTIAL
ARM GAS  /var/folders/c7/njqfq59n5tx5xn87mx7dh9jh0000gn/T//cckz7j6a.s 			page 2


  32:Src/stm32f4xx_hal_msp.c ****   * DAMAGES (INCLUDING, BUT NOT LIMITED TO, PROCUREMENT OF SUBSTITUTE GOODS OR
  33:Src/stm32f4xx_hal_msp.c ****   * SERVICES; LOSS OF USE, DATA, OR PROFITS; OR BUSINESS INTERRUPTION) HOWEVER
  34:Src/stm32f4xx_hal_msp.c ****   * CAUSED AND ON ANY THEORY OF LIABILITY, WHETHER IN CONTRACT, STRICT LIABILITY,
  35:Src/stm32f4xx_hal_msp.c ****   * OR TORT (INCLUDING NEGLIGENCE OR OTHERWISE) ARISING IN ANY WAY OUT OF THE USE
  36:Src/stm32f4xx_hal_msp.c ****   * OF THIS SOFTWARE, EVEN IF ADVISED OF THE POSSIBILITY OF SUCH DAMAGE.
  37:Src/stm32f4xx_hal_msp.c ****   *
  38:Src/stm32f4xx_hal_msp.c ****   ******************************************************************************
  39:Src/stm32f4xx_hal_msp.c ****   */
  40:Src/stm32f4xx_hal_msp.c **** /* USER CODE END Header */
  41:Src/stm32f4xx_hal_msp.c **** 
  42:Src/stm32f4xx_hal_msp.c **** /* Includes ------------------------------------------------------------------*/
  43:Src/stm32f4xx_hal_msp.c **** #include "main.h"
  44:Src/stm32f4xx_hal_msp.c **** /* USER CODE BEGIN Includes */
  45:Src/stm32f4xx_hal_msp.c **** 
  46:Src/stm32f4xx_hal_msp.c **** /* USER CODE END Includes */
  47:Src/stm32f4xx_hal_msp.c **** 
  48:Src/stm32f4xx_hal_msp.c **** /* Private typedef -----------------------------------------------------------*/
  49:Src/stm32f4xx_hal_msp.c **** /* USER CODE BEGIN TD */
  50:Src/stm32f4xx_hal_msp.c **** 
  51:Src/stm32f4xx_hal_msp.c **** /* USER CODE END TD */
  52:Src/stm32f4xx_hal_msp.c **** 
  53:Src/stm32f4xx_hal_msp.c **** /* Private define ------------------------------------------------------------*/
  54:Src/stm32f4xx_hal_msp.c **** /* USER CODE BEGIN Define */
  55:Src/stm32f4xx_hal_msp.c ****  
  56:Src/stm32f4xx_hal_msp.c **** /* USER CODE END Define */
  57:Src/stm32f4xx_hal_msp.c **** 
  58:Src/stm32f4xx_hal_msp.c **** /* Private macro -------------------------------------------------------------*/
  59:Src/stm32f4xx_hal_msp.c **** /* USER CODE BEGIN Macro */
  60:Src/stm32f4xx_hal_msp.c **** 
  61:Src/stm32f4xx_hal_msp.c **** /* USER CODE END Macro */
  62:Src/stm32f4xx_hal_msp.c **** 
  63:Src/stm32f4xx_hal_msp.c **** /* Private variables ---------------------------------------------------------*/
  64:Src/stm32f4xx_hal_msp.c **** /* USER CODE BEGIN PV */
  65:Src/stm32f4xx_hal_msp.c **** 
  66:Src/stm32f4xx_hal_msp.c **** /* USER CODE END PV */
  67:Src/stm32f4xx_hal_msp.c **** 
  68:Src/stm32f4xx_hal_msp.c **** /* Private function prototypes -----------------------------------------------*/
  69:Src/stm32f4xx_hal_msp.c **** /* USER CODE BEGIN PFP */
  70:Src/stm32f4xx_hal_msp.c **** 
  71:Src/stm32f4xx_hal_msp.c **** /* USER CODE END PFP */
  72:Src/stm32f4xx_hal_msp.c **** 
  73:Src/stm32f4xx_hal_msp.c **** /* External functions --------------------------------------------------------*/
  74:Src/stm32f4xx_hal_msp.c **** /* USER CODE BEGIN ExternalFunctions */
  75:Src/stm32f4xx_hal_msp.c **** 
  76:Src/stm32f4xx_hal_msp.c **** /* USER CODE END ExternalFunctions */
  77:Src/stm32f4xx_hal_msp.c **** 
  78:Src/stm32f4xx_hal_msp.c **** /* USER CODE BEGIN 0 */
  79:Src/stm32f4xx_hal_msp.c **** 
  80:Src/stm32f4xx_hal_msp.c **** /* USER CODE END 0 */
  81:Src/stm32f4xx_hal_msp.c **** /**
  82:Src/stm32f4xx_hal_msp.c ****   * Initializes the Global MSP.
  83:Src/stm32f4xx_hal_msp.c ****   */
  84:Src/stm32f4xx_hal_msp.c **** void HAL_MspInit(void)
  85:Src/stm32f4xx_hal_msp.c **** {
  28              		.loc 1 85 0
  29              		.cfi_startproc
  30              		@ args = 0, pretend = 0, frame = 8
ARM GAS  /var/folders/c7/njqfq59n5tx5xn87mx7dh9jh0000gn/T//cckz7j6a.s 			page 3


  31              		@ frame_needed = 0, uses_anonymous_args = 0
  32 0000 00B5     		push	{lr}
  33              	.LCFI0:
  34              		.cfi_def_cfa_offset 4
  35              		.cfi_offset 14, -4
  36 0002 83B0     		sub	sp, sp, #12
  37              	.LCFI1:
  38              		.cfi_def_cfa_offset 16
  39              	.LBB2:
  86:Src/stm32f4xx_hal_msp.c ****   /* USER CODE BEGIN MspInit 0 */
  87:Src/stm32f4xx_hal_msp.c **** 
  88:Src/stm32f4xx_hal_msp.c ****   /* USER CODE END MspInit 0 */
  89:Src/stm32f4xx_hal_msp.c **** 
  90:Src/stm32f4xx_hal_msp.c ****   __HAL_RCC_SYSCFG_CLK_ENABLE();
  40              		.loc 1 90 0
  41 0004 0021     		movs	r1, #0
  42 0006 0091     		str	r1, [sp]
  43 0008 0C4B     		ldr	r3, .L3
  44 000a 5A6C     		ldr	r2, [r3, #68]
  45 000c 42F48042 		orr	r2, r2, #16384
  46 0010 5A64     		str	r2, [r3, #68]
  47 0012 5A6C     		ldr	r2, [r3, #68]
  48 0014 02F48042 		and	r2, r2, #16384
  49 0018 0092     		str	r2, [sp]
  50 001a 009A     		ldr	r2, [sp]
  51              	.LBE2:
  52              	.LBB3:
  91:Src/stm32f4xx_hal_msp.c ****   __HAL_RCC_PWR_CLK_ENABLE();
  53              		.loc 1 91 0
  54 001c 0191     		str	r1, [sp, #4]
  55 001e 1A6C     		ldr	r2, [r3, #64]
  56 0020 42F08052 		orr	r2, r2, #268435456
  57 0024 1A64     		str	r2, [r3, #64]
  58 0026 1B6C     		ldr	r3, [r3, #64]
  59 0028 03F08053 		and	r3, r3, #268435456
  60 002c 0193     		str	r3, [sp, #4]
  61 002e 019B     		ldr	r3, [sp, #4]
  62              	.LBE3:
  92:Src/stm32f4xx_hal_msp.c **** 
  93:Src/stm32f4xx_hal_msp.c ****   HAL_NVIC_SetPriorityGrouping(NVIC_PRIORITYGROUP_0);
  63              		.loc 1 93 0
  64 0030 0720     		movs	r0, #7
  65 0032 FFF7FEFF 		bl	HAL_NVIC_SetPriorityGrouping
  66              	.LVL0:
  94:Src/stm32f4xx_hal_msp.c **** 
  95:Src/stm32f4xx_hal_msp.c ****   /* System interrupt init*/
  96:Src/stm32f4xx_hal_msp.c **** 
  97:Src/stm32f4xx_hal_msp.c ****   /* USER CODE BEGIN MspInit 1 */
  98:Src/stm32f4xx_hal_msp.c **** 
  99:Src/stm32f4xx_hal_msp.c ****   /* USER CODE END MspInit 1 */
 100:Src/stm32f4xx_hal_msp.c **** }
  67              		.loc 1 100 0
  68 0036 03B0     		add	sp, sp, #12
  69              	.LCFI2:
  70              		.cfi_def_cfa_offset 4
  71              		@ sp needed
  72 0038 5DF804FB 		ldr	pc, [sp], #4
ARM GAS  /var/folders/c7/njqfq59n5tx5xn87mx7dh9jh0000gn/T//cckz7j6a.s 			page 4


  73              	.L4:
  74              		.align	2
  75              	.L3:
  76 003c 00380240 		.word	1073887232
  77              		.cfi_endproc
  78              	.LFE126:
  80              		.text
  81              	.Letext0:
  82              		.file 2 "/usr/local/Cellar/gcc-arm-none-eabi/20180627/arm-none-eabi/include/machine/_default_types
  83              		.file 3 "/usr/local/Cellar/gcc-arm-none-eabi/20180627/arm-none-eabi/include/sys/_stdint.h"
  84              		.file 4 "Drivers/CMSIS/Include/core_cm4.h"
  85              		.file 5 "Drivers/CMSIS/Device/ST/STM32F4xx/Include/system_stm32f4xx.h"
  86              		.file 6 "Drivers/CMSIS/Device/ST/STM32F4xx/Include/stm32f411xe.h"
  87              		.file 7 "/usr/local/Cellar/gcc-arm-none-eabi/20180627/arm-none-eabi/include/sys/lock.h"
  88              		.file 8 "/usr/local/Cellar/gcc-arm-none-eabi/20180627/arm-none-eabi/include/sys/_types.h"
  89              		.file 9 "/usr/local/Cellar/gcc-arm-none-eabi/20180627/lib/gcc/arm-none-eabi/7.3.1/include/stddef.h
  90              		.file 10 "/usr/local/Cellar/gcc-arm-none-eabi/20180627/arm-none-eabi/include/sys/reent.h"
  91              		.file 11 "Drivers/STM32F4xx_HAL_Driver/Inc/stm32f4xx_hal_cortex.h"
ARM GAS  /var/folders/c7/njqfq59n5tx5xn87mx7dh9jh0000gn/T//cckz7j6a.s 			page 5


DEFINED SYMBOLS
                            *ABS*:0000000000000000 stm32f4xx_hal_msp.c
/var/folders/c7/njqfq59n5tx5xn87mx7dh9jh0000gn/T//cckz7j6a.s:18     .text.HAL_MspInit:0000000000000000 $t
/var/folders/c7/njqfq59n5tx5xn87mx7dh9jh0000gn/T//cckz7j6a.s:25     .text.HAL_MspInit:0000000000000000 HAL_MspInit
/var/folders/c7/njqfq59n5tx5xn87mx7dh9jh0000gn/T//cckz7j6a.s:76     .text.HAL_MspInit:000000000000003c $d

UNDEFINED SYMBOLS
HAL_NVIC_SetPriorityGrouping
